2025-04-21 01:59:56,343 - INFO - Инициализация приложения
2025-04-21 01:59:56,343 - INFO - База данных подключена
2025-04-21 01:59:56,343 - INFO - Данные успешно загружены
2025-04-21 01:59:56,522 - INFO - Интерфейс настроен
2025-04-21 02:02:17,577 - INFO - Инициализация приложения
2025-04-21 02:02:17,589 - INFO - База данных подключена
2025-04-21 02:02:17,589 - INFO - Данные успешно загружены
2025-04-21 02:02:17,776 - INFO - Интерфейс настроен
2025-04-21 02:02:24,628 - INFO - Операция: Добавлен жанр | Объект: Genre Ужасы
2025-04-21 02:02:39,840 - INFO - Операция: Добавлен автор | Объект: Author Стивен
2025-04-21 02:03:07,606 - INFO - Операция: Добавлена книга | Объект: Book Шелест
2025-04-21 02:03:12,620 - INFO - Приложение закрыто
2025-04-21 02:20:30,776 - INFO - Инициализация приложения
2025-04-21 02:20:30,778 - INFO - База данных подключена
2025-04-21 02:20:30,778 - INFO - Данные успешно загружены
2025-04-21 02:20:30,778 - ERROR - Ошибка инициализации: disconnect() failed between 'clicked' and all its connections
2025-04-21 02:20:30,778 - ERROR - Критическая ошибка: disconnect() failed between 'clicked' and all its connections
2025-04-21 02:21:41,204 - INFO - Инициализация приложения
2025-04-21 02:21:41,205 - INFO - База данных подключена
2025-04-21 02:21:41,205 - INFO - Данные успешно загружены
2025-04-21 02:21:41,205 - INFO - Интерфейс настроен
2025-04-21 02:22:06,641 - INFO - Приложение закрыто
2025-04-21 02:24:05,991 - INFO - Инициализация приложения
2025-04-21 02:24:05,995 - INFO - База данных подключена
2025-04-21 02:24:05,995 - INFO - Данные успешно загружены
2025-04-21 02:24:05,999 - INFO - Интерфейс настроен
2025-04-21 02:30:46,946 - INFO - Инициализация приложения
2025-04-21 02:30:46,946 - INFO - База данных подключена
2025-04-21 02:30:46,946 - INFO - Данные успешно загружены
2025-04-21 02:30:46,946 - ERROR - Ошибка инициализации: disconnect() failed between 'clicked' and all its connections
2025-04-21 02:30:46,946 - ERROR - Критическая ошибка: disconnect() failed between 'clicked' and all its connections
2025-04-21 02:33:44,729 - INFO - Инициализация приложения
2025-04-21 02:33:44,729 - INFO - База данных подключена
2025-04-21 02:33:44,729 - INFO - Данные успешно загружены
2025-04-21 02:33:44,729 - INFO - Интерфейс настроен
2025-04-21 02:34:27,868 - INFO - Приложение закрыто
2025-04-22 10:40:03,481 - INFO - Инициализация приложения
2025-04-22 10:40:03,485 - INFO - База данных подключена
2025-04-22 10:40:03,485 - INFO - Данные успешно загружены
2025-04-22 10:40:03,492 - INFO - Интерфейс настроен
2025-04-22 10:46:54,551 - INFO - Приложение закрыто
